生成启动时间为 2019/9/26 10:39:37。
     1>项目“D:\Program Files (x86)\C程序及项目\c++程序\C++日常练习\函数重载\函数重载\函数重载.vcxproj”在节点 2 上(Build 个目标)。
     1>ClCompile:
         D:\Program Files (x86)\VC\bin\CL.exe /c /ZI /nologo /W3 /WX- /sdl /Od /Oy- /D _UNICODE /D UNICODE /Gm /EHsc /RTC1 /MDd /GS /fp:precise /Zc:wchar_t /Zc:forScope /Fo"Debug\\" /Fd"Debug\vc120.pdb" /Gd /TP /analyze- /errorReport:prompt main3.cpp
         main3.cpp
     1>d:\program files (x86)\c程序及项目\c++程序\c++日常练习\函数重载\函数重载\main3.cpp(9): error C2572: “test”: 重定义默认参数 : 参数 3
                 d:\program files (x86)\c程序及项目\c++程序\c++日常练习\函数重载\函数重载\main3.cpp(6) : 参见“test”的声明
     1>d:\program files (x86)\c程序及项目\c++程序\c++日常练习\函数重载\函数重载\main3.cpp(9): error C2572: “test”: 重定义默认参数 : 参数 2
                 d:\program files (x86)\c程序及项目\c++程序\c++日常练习\函数重载\函数重载\main3.cpp(6) : 参见“test”的声明
     1>已完成生成项目“D:\Program Files (x86)\C程序及项目\c++程序\C++日常练习\函数重载\函数重载\函数重载.vcxproj”(Build 个目标)的操作 - 失败。

生成失败。

已用时间 00:00:00.56
